<?xml version="1.0" encoding="UTF-8"?>
<!-- Generated by org.testng.reporters.JUnitReportReporter -->
<testsuite hostname="DESKTOP-17VR5QN" failures="0" tests="1" name="demong.CapturesScreenshot" time="16.521" errors="0" timestamp="2024-12-02T19:36:33 IST" skipped="0">
  <testcase classname="demong.CapturesScreenshot" name="screenshot" time="16.521"/>
  <system-out/>
</testsuite> <!-- demong.CapturesScreenshot -->
