<?xml version="1.0" encoding="UTF-8"?>
<!-- Generated by org.testng.reporters.JUnitReportReporter -->
<testsuite hostname="DESKTOP-17VR5QN" failures="0" tests="1" name="demong.VeriftyTitle" time="22.114" errors="0" timestamp="2024-12-02T19:02:42 IST" skipped="0">
  <testcase classname="demong.VeriftyTitle" name="verifytitlefirst" time="22.114"/>
  <system-out/>
</testsuite> <!-- demong.VeriftyTitle -->
