<?xml version="1.0" encoding="UTF-8"?>
<!-- Generated by org.testng.reporters.JUnitReportReporter -->
<testsuite hostname="DESKTOP-17VR5QN" failures="0" tests="1" name="demong.CaptureScreenshot" time="16.484" errors="0" timestamp="2024-12-02T15:52:42 IST" skipped="0">
  <testcase classname="demong.CaptureScreenshot" name="screenshot" time="16.484"/>
  <system-out/>
</testsuite> <!-- demong.CaptureScreenshot -->
