<?xml version="1.0" encoding="UTF-8"?>
<!-- Generated by org.testng.reporters.JUnitReportReporter -->
<testsuite hostname="DESKTOP-17VR5QN" failures="0" tests="1" name="demong.First" time="0.028" errors="0" timestamp="2024-12-02T15:57:52 IST" skipped="0">
  <testcase classname="demong.First" name="m2" time="0.028"/>
  <system-out/>
</testsuite> <!-- demong.First -->
